[2021-06-08 12:14:02] live.EMERGENCY: File:/home/erp/public_html/vendor/laravel/framework/src/Illuminate/Database/Connection.phpLine:664Message:SQLSTATE[42S22]: Column not found: 1054 Unknown column 'use_for_repair' in 'field list' (SQL: insert into `brands` (`name`, `description`, `business_id`, `created_by`, `use_for_repair`, `updated_at`, `created_at`) values (GIBS, ?, 104, 188, 0, 2021-06-08 12:14:02, 2021-06-08 12:14:02))  
[2021-06-08 12:14:12] live.EMERGENCY: File:/home/erp/public_html/vendor/laravel/framework/src/Illuminate/Database/Connection.phpLine:664Message:SQLSTATE[42S22]: Column not found: 1054 Unknown column 'use_for_repair' in 'field list' (SQL: insert into `brands` (`name`, `description`, `business_id`, `created_by`, `use_for_repair`, `updated_at`, `created_at`) values (Gibs, ?, 104, 188, 0, 2021-06-08 12:14:12, 2021-06-08 12:14:12))  
[2021-06-08 12:14:40] live.EMERGENCY: File:/home/erp/public_html/vendor/laravel/framework/src/Illuminate/Database/Connection.phpLine:664Message:SQLSTATE[42S22]: Column not found: 1054 Unknown column 'use_for_repair' in 'field list' (SQL: insert into `brands` (`name`, `description`, `business_id`, `created_by`, `use_for_repair`, `updated_at`, `created_at`) values (Gibs, ?, 104, 188, 0, 2021-06-08 12:14:40, 2021-06-08 12:14:40))  
[2021-06-08 13:39:16] live.EMERGENCY: File:/home/erp/public_html/vendor/laravel/framework/src/Illuminate/Database/Connection.phpLine:664Message:SQLSTATE[42S22]: Column not found: 1054 Unknown column 'use_for_repair' in 'field list' (SQL: insert into `brands` (`name`, `description`, `business_id`, `created_by`, `use_for_repair`, `updated_at`, `created_at`) values (Mian Sardar Milk Products, ?, 104, 188, 0, 2021-06-08 13:39:16, 2021-06-08 13:39:16))  
[2021-06-08 14:08:15] live.ERROR: Trying to get property 'user_full_name' of non-object (View: /home/erp/public_html/Modules/Superadmin/Resources/views/subscription/show_subscription_modal.blade.php) {"userId":100,"exception":"[object] (ErrorException(code: 0): Trying to get property 'user_full_name' of non-object (View: /home/erp/public_html/Modules/Superadmin/Resources/views/subscription/show_subscription_modal.blade.php) at /home/erp/public_html/storage/framework/views/2b96fdecd09c9298f8deddea7725f3248557d4b7.php:69, ErrorException(code: 0): Trying to get property 'user_full_name' of non-object at /home/erp/public_html/storage/framework/views/2b96fdecd09c9298f8deddea7725f3248557d4b7.php:69)
[stacktrace]
#0 /home/erp/public_html/vendor/laravel/framework/src/Illuminate/View/Engines/PhpEngine.php(45): Illuminate\\View\\Engines\\CompilerEngine->handleViewException(Object(ErrorException), 2)
#1 /home/erp/public_html/vendor/laravel/framework/src/Illuminate/View/Engines/CompilerEngine.php(59): Illuminate\\View\\Engines\\PhpEngine->evaluatePath('/home/erp/publi...', Array)
#2 /home/erp/public_html/vendor/laravel/framework/src/Illuminate/View/View.php(142): Illuminate\\View\\Engines\\CompilerEngine->get('/home/erp/publi...', Array)
#3 /home/erp/public_html/vendor/laravel/framework/src/Illuminate/View/View.php(125): Illuminate\\View\\View->getContents()
#4 /home/erp/public_html/vendor/laravel/framework/src/Illuminate/View/View.php(90): Illuminate\\View\\View->renderContents()
#5 /home/erp/public_html/vendor/laravel/framework/src/Illuminate/Http/Response.php(42): Illuminate\\View\\View->render()
#6 /home/erp/public_html/vendor/symfony/http-foundation/Response.php(205): Illuminate\\Http\\Response->setContent(Object(Illuminate\\View\\View))
#7 /home/erp/public_html/vendor/laravel/framework/src/Illuminate/Routing/Router.php(748): Symfony\\Component\\HttpFoundation\\Response->__construct(Object(Illuminate\\View\\View))
#8 /home/erp/public_html/vendor/laravel/framework/src/Illuminate/Routing/Router.php(720): Illuminate\\Routing\\Router::toResponse(Object(Illuminate\\Http\\Request), Object(Illuminate\\View\\View))
#9 /home/erp/public_html/vendor/laravel/framework/src/Illuminate/Routing/Router.php(680): Illuminate\\Routing\\Router->prepareResponse(Object(Illuminate\\Http\\Request), Object(Illuminate\\View\\View))
#10 /home/erp/public_html/vendor/laravel/framework/src/Illuminate/Routing/Pipeline.php(30): Illuminate\\Routing\\Router->Illuminate\\Routing\\{closure}(Object(Illuminate\\Http\\Request))
#11 /home/erp/public_html/app/Http/Middleware/AdminSidebarMenu.php(21): Illuminate\\Routing\\Pipeline->Illuminate\\Routing\\{closure}(Object(Illuminate\\Http\\Request))
#12 /home/erp/public_html/vendor/laravel/framework/src/Illuminate/Pipeline/Pipeline.php(163): App\\Http\\Middleware\\AdminSidebarMenu->handle(Object(Illuminate\\Http\\Request), Object(Closure))
#13 /home/erp/public_html/vendor/laravel/framework/src/Illuminate/Routing/Pipeline.php(53): Illuminate\\Pipeline\\Pipeline->Illuminate\\Pipeline\\{closure}(Object(Illuminate\\Http\\Request))
#14 /home/erp/public_html/app/Http/Middleware/Timezone.php(30): Illuminate\\Routing\\Pipeline->Illuminate\\Routing\\{closure}(Object(Illuminate\\Http\\Request))
#15 /home/erp/public_html/vendor/laravel/framework/src/Illuminate/Pipeline/Pipeline.php(163): App\\Http\\Middleware\\Timezone->handle(Object(Illuminate\\Http\\Request), Object(Closure))
#16 /home/erp/public_html/vendor/laravel/framework/src/Illuminate/Routing/Pipeline.php(53): Illuminate\\Pipeline\\Pipeline->Illuminate\\Pipeline\\{closure}(Object(Illuminate\\Http\\Request))
#17 /home/erp/public_html/app/Http/Middleware/Language.php(27): Illuminate\\Routing\\Pipeline->Illuminate\\Routing\\{closure}(Object(Illuminate\\Http\\Request))
#18 /home/erp/public_html/vendor/laravel/framework/src/Illuminate/Pipeline/Pipeline.php(163): App\\Http\\Middleware\\Language->handle(Object(Illuminate\\Http\\Request), Object(Closure))
#19 /home/erp/public_html/vendor/laravel/framework/src/Illuminate/Routing/Pipeline.php(53): Illuminate\\Pipeline\\Pipeline->Illuminate\\Pipeline\\{closure}(Object(Illuminate\\Http\\Request))
#20 /home/erp/public_html/app/Http/Middleware/SetSessionData.php(53): Illuminate\\Routing\\Pipeline->Illuminate\\Routing\\{closure}(Object(Illuminate\\Http\\Request))
#21 /home/erp/public_html/vendor/laravel/framework/src/Illuminate/Pipeline/Pipeline.php(163): App\\Http\\Middleware\\SetSessionData->handle(Object(Illuminate\\Http\\Request), Object(Closure))
#22 /home/erp/public_html/vendor/laravel/framework/src/Illuminate/Routing/Pipeline.php(53): Illuminate\\Pipeline\\Pipeline->Illuminate\\Pipeline\\{closure}(Object(Illuminate\\Http\\Request))
#23 /home/erp/public_html/vendor/laravel/framework/src/Illuminate/Routing/Middleware/SubstituteBindings.php(41): Illuminate\\Routing\\Pipeline->Illuminate\\Routing\\{closure}(Object(Illuminate\\Http\\Request))
#24 /home/erp/public_html/vendor/laravel/framework/src/Illuminate/Pipeline/Pipeline.php(163): Illuminate\\Routing\\Middleware\\SubstituteBindings->handle(Object(Illuminate\\Http\\Request), Object(Closure))
#25 /home/erp/public_html/vendor/laravel/framework/src/Illuminate/Routing/Pipeline.php(53): Illuminate\\Pipeline\\Pipeline->Illuminate\\Pipeline\\{closure}(Object(Illuminate\\Http\\Request))
#26 /home/erp/public_html/vendor/laravel/framework/src/Illuminate/Auth/Middleware/Authenticate.php(43): Illuminate\\Routing\\Pipeline->Illuminate\\Routing\\{closure}(Object(Illuminate\\Http\\Request))
#27 /home/erp/public_html/vendor/laravel/framework/src/Illuminate/Pipeline/Pipeline.php(163): Illuminate\\Auth\\Middleware\\Authenticate->handle(Object(Illuminate\\Http\\Request), Object(Closure))
#28 /home/erp/public_html/vendor/laravel/framework/src/Illuminate/Routing/Pipeline.php(53): Illuminate\\Pipeline\\Pipeline->Illuminate\\Pipeline\\{closure}(Object(Illuminate\\Http\\Request))
#29 /home/erp/public_html/vendor/laravel/framework/src/Illuminate/Foundation/Http/Middleware/VerifyCsrfToken.php(75): Illuminate\\Routing\\Pipeline->Illuminate\\Routing\\{closure}(Object(Illuminate\\Http\\Request))
#30 /home/erp/public_html/vendor/laravel/framework/src/Illuminate/Pipeline/Pipeline.php(163): Illuminate\\Foundation\\Http\\Middleware\\VerifyCsrfToken->handle(Object(Illuminate\\Http\\Request), Object(Closure))
#31 /home/erp/public_html/vendor/laravel/framework/src/Illuminate/Routing/Pipeline.php(53): Illuminate\\Pipeline\\Pipeline->Illuminate\\Pipeline\\{closure}(Object(Illuminate\\Http\\Request))
#32 /home/erp/public_html/vendor/laravel/framework/src/Illuminate/View/Middleware/ShareErrorsFromSession.php(49): Illuminate\\Routing\\Pipeline->Illuminate\\Routing\\{closure}(Object(Illuminate\\Http\\Request))
#33 /home/erp/public_html/vendor/laravel/framework/src/Illuminate/Pipeline/Pipeline.php(163): Illuminate\\View\\Middleware\\ShareErrorsFromSession->handle(Object(Illuminate\\Http\\Request), Object(Closure))
#34 /home/erp/public_html/vendor/laravel/framework/src/Illuminate/Routing/Pipeline.php(53): Illuminate\\Pipeline\\Pipeline->Illuminate\\Pipeline\\{closure}(Object(Illuminate\\Http\\Request))
#35 /home/erp/public_html/vendor/laravel/framework/src/Illuminate/Session/Middleware/StartSession.php(56): Illuminate\\Routing\\Pipeline->Illuminate\\Routing\\{closure}(Object(Illuminate\\Http\\Request))
#36 /home/erp/public_html/vendor/laravel/framework/src/Illuminate/Pipeline/Pipeline.php(163): Illuminate\\Session\\Middleware\\StartSession->handle(Object(Illuminate\\Http\\Request), Object(Closure))
#37 /home/erp/public_html/vendor/laravel/framework/src/Illuminate/Routing/Pipeline.php(53): Illuminate\\Pipeline\\Pipeline->Illuminate\\Pipeline\\{closure}(Object(Illuminate\\Http\\Request))
#38 /home/erp/public_html/vendor/laravel/framework/src/Illuminate/Cookie/Middleware/AddQueuedCookiesToResponse.php(37): Illuminate\\Routing\\Pipeline->Illuminate\\Routing\\{closure}(Object(Illuminate\\Http\\Request))
#39 /home/erp/public_html/vendor/laravel/framework/src/Illuminate/Pipeline/Pipeline.php(163): Illuminate\\Cookie\\Middleware\\AddQueuedCookiesToResponse->handle(Object(Illuminate\\Http\\Request), Object(Closure))
#40 /home/erp/public_html/vendor/laravel/framework/src/Illuminate/Routing/Pipeline.php(53): Illuminate\\Pipeline\\Pipeline->Illuminate\\Pipeline\\{closure}(Object(Illuminate\\Http\\Request))
#41 /home/erp/public_html/vendor/laravel/framework/src/Illuminate/Cookie/Middleware/EncryptCookies.php(66): Illuminate\\Routing\\Pipeline->Illuminate\\Routing\\{closure}(Object(Illuminate\\Http\\Request))
#42 /home/erp/public_html/vendor/laravel/framework/src/Illuminate/Pipeline/Pipeline.php(163): Illuminate\\Cookie\\Middleware\\EncryptCookies->handle(Object(Illuminate\\Http\\Request), Object(Closure))
#43 /home/erp/public_html/vendor/laravel/framework/src/Illuminate/Routing/Pipeline.php(53): Illuminate\\Pipeline\\Pipeline->Illuminate\\Pipeline\\{closure}(Object(Illuminate\\Http\\Request))
#44 /home/erp/public_html/vendor/laravel/framework/src/Illuminate/Pipeline/Pipeline.php(104): Illuminate\\Routing\\Pipeline->Illuminate\\Routing\\{closure}(Object(Illuminate\\Http\\Request))
#45 /home/erp/public_html/vendor/laravel/framework/src/Illuminate/Routing/Router.php(682): Illuminate\\Pipeline\\Pipeline->then(Object(Closure))
#46 /home/erp/public_html/vendor/laravel/framework/src/Illuminate/Routing/Router.php(657): Illuminate\\Routing\\Router->runRouteWithinStack(Object(Illuminate\\Routing\\Route), Object(Illuminate\\Http\\Request))
#47 /home/erp/public_html/vendor/laravel/framework/src/Illuminate/Routing/Router.php(623): Illuminate\\Routing\\Router->runRoute(Object(Illuminate\\Http\\Request), Object(Illuminate\\Routing\\Route))
#48 /home/erp/public_html/vendor/laravel/framework/src/Illuminate/Routing/Router.php(612): Illuminate\\Routing\\Router->dispatchToRoute(Object(Illuminate\\Http\\Request))
#49 /home/erp/public_html/vendor/laravel/framework/src/Illuminate/Foundation/Http/Kernel.php(176): Illuminate\\Routing\\Router->dispatch(Object(Illuminate\\Http\\Request))
#50 /home/erp/public_html/vendor/laravel/framework/src/Illuminate/Routing/Pipeline.php(30): Illuminate\\Foundation\\Http\\Kernel->Illuminate\\Foundation\\Http\\{closure}(Object(Illuminate\\Http\\Request))
#51 /home/erp/public_html/vendor/barryvdh/laravel-debugbar/src/Middleware/InjectDebugbar.php(58): Illuminate\\Routing\\Pipeline->Illuminate\\Routing\\{closure}(Object(Illuminate\\Http\\Request))
#52 /home/erp/public_html/vendor/laravel/framework/src/Illuminate/Pipeline/Pipeline.php(163): Barryvdh\\Debugbar\\Middleware\\InjectDebugbar->handle(Object(Illuminate\\Http\\Request), Object(Closure))
#53 /home/erp/public_html/vendor/laravel/framework/src/Illuminate/Routing/Pipeline.php(53): Illuminate\\Pipeline\\Pipeline->Illuminate\\Pipeline\\{closure}(Object(Illuminate\\Http\\Request))
#54 /home/erp/public_html/vendor/fideloper/proxy/src/TrustProxies.php(57): Illuminate\\Routing\\Pipeline->Illuminate\\Routing\\{closure}(Object(Illuminate\\Http\\Request))
#55 /home/erp/public_html/vendor/laravel/framework/src/Illuminate/Pipeline/Pipeline.php(163): Fideloper\\Proxy\\TrustProxies->handle(Object(Illuminate\\Http\\Request), Object(Closure))
#56 /home/erp/public_html/vendor/laravel/framework/src/Illuminate/Routing/Pipeline.php(53): Illuminate\\Pipeline\\Pipeline->Illuminate\\Pipeline\\{closure}(Object(Illuminate\\Http\\Request))
#57 /home/erp/public_html/vendor/laravel/framework/src/Illuminate/Foundation/Http/Middleware/TransformsRequest.php(21): Illuminate\\Routing\\Pipeline->Illuminate\\Routing\\{closure}(Object(Illuminate\\Http\\Request))
#58 /home/erp/public_html/vendor/laravel/framework/src/Illuminate/Pipeline/Pipeline.php(163): Illuminate\\Foundation\\Http\\Middleware\\TransformsRequest->handle(Object(Illuminate\\Http\\Request), Object(Closure))
#59 /home/erp/public_html/vendor/laravel/framework/src/Illuminate/Routing/Pipeline.php(53): Illuminate\\Pipeline\\Pipeline->Illuminate\\Pipeline\\{closure}(Object(Illuminate\\Http\\Request))
#60 /home/erp/public_html/vendor/laravel/framework/src/Illuminate/Foundation/Http/Middleware/TransformsRequest.php(21): Illuminate\\Routing\\Pipeline->Illuminate\\Routing\\{closure}(Object(Illuminate\\Http\\Request))
#61 /home/erp/public_html/vendor/laravel/framework/src/Illuminate/Pipeline/Pipeline.php(163): Illuminate\\Foundation\\Http\\Middleware\\TransformsRequest->handle(Object(Illuminate\\Http\\Request), Object(Closure))
#62 /home/erp/public_html/vendor/laravel/framework/src/Illuminate/Routing/Pipeline.php(53): Illuminate\\Pipeline\\Pipeline->Illuminate\\Pipeline\\{closure}(Object(Illuminate\\Http\\Request))
#63 /home/erp/public_html/vendor/laravel/framework/src/Illuminate/Foundation/Http/Middleware/ValidatePostSize.php(27): Illuminate\\Routing\\Pipeline->Illuminate\\Routing\\{closure}(Object(Illuminate\\Http\\Request))
#64 /home/erp/public_html/vendor/laravel/framework/src/Illuminate/Pipeline/Pipeline.php(163): Illuminate\\Foundation\\Http\\Middleware\\ValidatePostSize->handle(Object(Illuminate\\Http\\Request), Object(Closure))
#65 /home/erp/public_html/vendor/laravel/framework/src/Illuminate/Routing/Pipeline.php(53): Illuminate\\Pipeline\\Pipeline->Illuminate\\Pipeline\\{closure}(Object(Illuminate\\Http\\Request))
#66 /home/erp/public_html/vendor/laravel/framework/src/Illuminate/Foundation/Http/Middleware/CheckForMaintenanceMode.php(62): Illuminate\\Routing\\Pipeline->Illuminate\\Routing\\{closure}(Object(Illuminate\\Http\\Request))
#67 /home/erp/public_html/vendor/laravel/framework/src/Illuminate/Pipeline/Pipeline.php(163): Illuminate\\Foundation\\Http\\Middleware\\CheckForMaintenanceMode->handle(Object(Illuminate\\Http\\Request), Object(Closure))
#68 /home/erp/public_html/vendor/laravel/framework/src/Illuminate/Routing/Pipeline.php(53): Illuminate\\Pipeline\\Pipeline->Illuminate\\Pipeline\\{closure}(Object(Illuminate\\Http\\Request))
#69 /home/erp/public_html/vendor/laravel/framework/src/Illuminate/Pipeline/Pipeline.php(104): Illuminate\\Routing\\Pipeline->Illuminate\\Routing\\{closure}(Object(Illuminate\\Http\\Request))
#70 /home/erp/public_html/vendor/laravel/framework/src/Illuminate/Foundation/Http/Kernel.php(151): Illuminate\\Pipeline\\Pipeline->then(Object(Closure))
#71 /home/erp/public_html/vendor/laravel/framework/src/Illuminate/Foundation/Http/Kernel.php(116): Illuminate\\Foundation\\Http\\Kernel->sendRequestThroughRouter(Object(Illuminate\\Http\\Request))
#72 /home/erp/public_html/public/index.php(53): Illuminate\\Foundation\\Http\\Kernel->handle(Object(Illuminate\\Http\\Request))
#73 {main}
"} 
[2021-06-08 16:27:13] live.EMERGENCY: File:/home/erp/public_html/vendor/laravel/framework/src/Illuminate/Database/Eloquent/Builder.phpLine:454Message:No query results for model [App\Variation].  
[2021-06-08 20:06:25] live.EMERGENCY: ERROR: NOT ALLOWED: Mismatch between sold and purchase quantity. Product: meeco auto operator 12sec SKU: 9777 Quantity: 1 Business: Irshad & Brothers Electric Store Location: Irshad & Sons Electric store  
[2021-06-08 20:06:25] live.EMERGENCY: File:/home/erp/public_html/app/Utils/TransactionUtil.phpLine:2941Message:ERROR: NOT ALLOWED: Mismatch between sold and purchase quantity. Product: meeco auto operator 12sec SKU: 9777 Quantity: 1  
[2021-06-08 20:08:36] live.EMERGENCY: ERROR: NOT ALLOWED: Mismatch between sold and purchase quantity. Product: meeco auto operator 12sec SKU: 9777 Quantity: 1 Business: Irshad & Brothers Electric Store Location: Irshad & Sons Electric store  
[2021-06-08 20:08:36] live.EMERGENCY: File:/home/erp/public_html/app/Utils/TransactionUtil.phpLine:2941Message:ERROR: NOT ALLOWED: Mismatch between sold and purchase quantity. Product: meeco auto operator 12sec SKU: 9777 Quantity: 1  
[2021-06-08 20:09:54] live.EMERGENCY: ERROR: NOT ALLOWED: Mismatch between sold and purchase quantity. Product: meeco auto operator 12sec SKU: 9777 Quantity: 1 Business: Irshad & Brothers Electric Store Location: Irshad & Sons Electric store  
[2021-06-08 20:09:54] live.EMERGENCY: File:/home/erp/public_html/app/Utils/TransactionUtil.phpLine:2941Message:ERROR: NOT ALLOWED: Mismatch between sold and purchase quantity. Product: meeco auto operator 12sec SKU: 9777 Quantity: 1  
[2021-06-08 20:10:09] live.EMERGENCY: ERROR: NOT ALLOWED: Mismatch between sold and purchase quantity. Product: meeco auto operator 12sec SKU: 9777 Quantity: 1 Business: Irshad & Brothers Electric Store Location: Irshad & Sons Electric store  
[2021-06-08 20:10:09] live.EMERGENCY: File:/home/erp/public_html/app/Utils/TransactionUtil.phpLine:2941Message:ERROR: NOT ALLOWED: Mismatch between sold and purchase quantity. Product: meeco auto operator 12sec SKU: 9777 Quantity: 1  
[2021-06-08 20:10:18] live.EMERGENCY: ERROR: NOT ALLOWED: Mismatch between sold and purchase quantity. Product: meeco auto operator 12sec SKU: 9777 Quantity: 1 Business: Irshad & Brothers Electric Store Location: Irshad & Sons Electric store  
[2021-06-08 20:10:18] live.EMERGENCY: File:/home/erp/public_html/app/Utils/TransactionUtil.phpLine:2941Message:ERROR: NOT ALLOWED: Mismatch between sold and purchase quantity. Product: meeco auto operator 12sec SKU: 9777 Quantity: 1  
[2021-06-08 20:10:46] live.EMERGENCY: ERROR: NOT ALLOWED: Mismatch between sold and purchase quantity. Product: meeco auto operator 12sec SKU: 9777 Quantity: 1 Business: Irshad & Brothers Electric Store Location: Irshad & Sons Electric store  
[2021-06-08 20:10:46] live.EMERGENCY: File:/home/erp/public_html/app/Utils/TransactionUtil.phpLine:2941Message:ERROR: NOT ALLOWED: Mismatch between sold and purchase quantity. Product: meeco auto operator 12sec SKU: 9777 Quantity: 1  
[2021-06-08 20:11:08] live.EMERGENCY: ERROR: NOT ALLOWED: Mismatch between sold and purchase quantity. Product: Meeco starter 15hp 3body SKU: 120736 Quantity: 1 Business: Irshad & Brothers Electric Store Location: Irshad & Sons Electric store  
[2021-06-08 20:11:08] live.EMERGENCY: File:/home/erp/public_html/app/Utils/TransactionUtil.phpLine:2941Message:ERROR: NOT ALLOWED: Mismatch between sold and purchase quantity. Product: Meeco starter 15hp 3body SKU: 120736 Quantity: 1  
[2021-06-08 20:12:17] live.EMERGENCY: ERROR: NOT ALLOWED: Mismatch between sold and purchase quantity. Product: meeco auto operator 12sec SKU: 9777 Quantity: 1 Business: Irshad & Brothers Electric Store Location: Irshad & Sons Electric store  
[2021-06-08 20:12:17] live.EMERGENCY: File:/home/erp/public_html/app/Utils/TransactionUtil.phpLine:2941Message:ERROR: NOT ALLOWED: Mismatch between sold and purchase quantity. Product: meeco auto operator 12sec SKU: 9777 Quantity: 1  
