[2021-06-04 17:49:36] live.EMERGENCY: File:/home/erp/public_html/vendor/laravel/framework/src/Illuminate/Database/Connection.phpLine:664Message:SQLSTATE[42S22]: Column not found: 1054 Unknown column 'service_custom_field_5' in 'field list' (SQL: insert into `transactions` (`business_id`, `location_id`, `type`, `status`, `sub_status`, `contact_id`, `customer_group_id`, `invoice_no`, `ref_no`, `total_before_tax`, `transaction_date`, `tax_id`, `discount_type`, `discount_amount`, `tax_amount`, `final_total`, `additional_notes`, `staff_note`, `created_by`, `document`, `custom_field_1`, `custom_field_2`, `custom_field_3`, `custom_field_4`, `is_direct_sale`, `commission_agent`, `is_quotation`, `shipping_details`, `shipping_address`, `shipping_status`, `delivered_to`, `shipping_charges`, `shipping_custom_field_1`, `shipping_custom_field_2`, `shipping_custom_field_3`, `shipping_custom_field_4`, `shipping_custom_field_5`, `exchange_rate`, `selling_price_group_id`, `pay_term_number`, `pay_term_type`, `is_suspend`, `is_recurring`, `recur_interval`, `recur_interval_type`, `subscription_repeat_on`, `subscription_no`, `recur_repetitions`, `order_addresses`, `sub_type`, `rp_earned`, `rp_redeemed`, `rp_redeemed_amount`, `is_created_from_api`, `types_of_service_id`, `packing_charge`, `packing_charge_type`, `service_custom_field_1`, `service_custom_field_2`, `service_custom_field_3`, `service_custom_field_4`, `service_custom_field_5`, `service_custom_field_6`, `round_off_amount`, `import_batch`, `import_time`, `res_table_id`, `res_waiter_id`, `sales_order_ids`, `prefer_payment_method`, `prefer_payment_account`, `is_export`, `export_custom_fields_info`, `updated_at`, `created_at`) values (104, 107, sell, final, ?, 2202, ?, 15818, , 120, 2021-06-04 17:49:36, ?, percentage, 0, 0, 120, ?, ?, 192, ?, ?, ?, ?, ?, 0, ?, 0, ?, ?, ?, ?, 0, ?, ?, ?, ?, ?, 1, ?, ?, ?, 0, 0, 1, days, ?, ?, 0, ?, ?, 0, 0, 0, 0, ?, 0, ?, ?, ?, ?, ?, ?, ?, 0, ?, ?, ?, ?, ?, ?, ?, 0, ?, 2021-06-04 17:49:36, 2021-06-04 17:49:36))  
[2021-06-04 17:49:39] live.EMERGENCY: File:/home/erp/public_html/vendor/laravel/framework/src/Illuminate/Database/Connection.phpLine:664Message:SQLSTATE[42S22]: Column not found: 1054 Unknown column 'service_custom_field_5' in 'field list' (SQL: insert into `transactions` (`business_id`, `location_id`, `type`, `status`, `sub_status`, `contact_id`, `customer_group_id`, `invoice_no`, `ref_no`, `total_before_tax`, `transaction_date`, `tax_id`, `discount_type`, `discount_amount`, `tax_amount`, `final_total`, `additional_notes`, `staff_note`, `created_by`, `document`, `custom_field_1`, `custom_field_2`, `custom_field_3`, `custom_field_4`, `is_direct_sale`, `commission_agent`, `is_quotation`, `shipping_details`, `shipping_address`, `shipping_status`, `delivered_to`, `shipping_charges`, `shipping_custom_field_1`, `shipping_custom_field_2`, `shipping_custom_field_3`, `shipping_custom_field_4`, `shipping_custom_field_5`, `exchange_rate`, `selling_price_group_id`, `pay_term_number`, `pay_term_type`, `is_suspend`, `is_recurring`, `recur_interval`, `recur_interval_type`, `subscription_repeat_on`, `subscription_no`, `recur_repetitions`, `order_addresses`, `sub_type`, `rp_earned`, `rp_redeemed`, `rp_redeemed_amount`, `is_created_from_api`, `types_of_service_id`, `packing_charge`, `packing_charge_type`, `service_custom_field_1`, `service_custom_field_2`, `service_custom_field_3`, `service_custom_field_4`, `service_custom_field_5`, `service_custom_field_6`, `round_off_amount`, `import_batch`, `import_time`, `res_table_id`, `res_waiter_id`, `sales_order_ids`, `prefer_payment_method`, `prefer_payment_account`, `is_export`, `export_custom_fields_info`, `updated_at`, `created_at`) values (104, 107, sell, final, ?, 2202, ?, 15818, , 120, 2021-06-04 17:49:39, ?, percentage, 0, 0, 120, ?, ?, 192, ?, ?, ?, ?, ?, 0, ?, 0, ?, ?, ?, ?, 0, ?, ?, ?, ?, ?, 1, ?, ?, ?, 0, 0, 1, days, ?, ?, 0, ?, ?, 0, 0, 0, 0, ?, 0, ?, ?, ?, ?, ?, ?, ?, 0, ?, ?, ?, ?, ?, ?, ?, 0, ?, 2021-06-04 17:49:39, 2021-06-04 17:49:39))  
[2021-06-04 17:49:42] live.EMERGENCY: File:/home/erp/public_html/vendor/laravel/framework/src/Illuminate/Database/Connection.phpLine:664Message:SQLSTATE[42S22]: Column not found: 1054 Unknown column 'service_custom_field_5' in 'field list' (SQL: insert into `transactions` (`business_id`, `location_id`, `type`, `status`, `sub_status`, `contact_id`, `customer_group_id`, `invoice_no`, `ref_no`, `total_before_tax`, `transaction_date`, `tax_id`, `discount_type`, `discount_amount`, `tax_amount`, `final_total`, `additional_notes`, `staff_note`, `created_by`, `document`, `custom_field_1`, `custom_field_2`, `custom_field_3`, `custom_field_4`, `is_direct_sale`, `commission_agent`, `is_quotation`, `shipping_details`, `shipping_address`, `shipping_status`, `delivered_to`, `shipping_charges`, `shipping_custom_field_1`, `shipping_custom_field_2`, `shipping_custom_field_3`, `shipping_custom_field_4`, `shipping_custom_field_5`, `exchange_rate`, `selling_price_group_id`, `pay_term_number`, `pay_term_type`, `is_suspend`, `is_recurring`, `recur_interval`, `recur_interval_type`, `subscription_repeat_on`, `subscription_no`, `recur_repetitions`, `order_addresses`, `sub_type`, `rp_earned`, `rp_redeemed`, `rp_redeemed_amount`, `is_created_from_api`, `types_of_service_id`, `packing_charge`, `packing_charge_type`, `service_custom_field_1`, `service_custom_field_2`, `service_custom_field_3`, `service_custom_field_4`, `service_custom_field_5`, `service_custom_field_6`, `round_off_amount`, `import_batch`, `import_time`, `res_table_id`, `res_waiter_id`, `sales_order_ids`, `prefer_payment_method`, `prefer_payment_account`, `is_export`, `export_custom_fields_info`, `updated_at`, `created_at`) values (104, 107, sell, final, ?, 2202, ?, 15818, , 120, 2021-06-04 17:49:42, ?, percentage, 0, 0, 120, ?, ?, 192, ?, ?, ?, ?, ?, 0, ?, 0, ?, ?, ?, ?, 0, ?, ?, ?, ?, ?, 1, ?, ?, ?, 0, 0, 1, days, ?, ?, 0, ?, ?, 0, 0, 0, 0, ?, 0, ?, ?, ?, ?, ?, ?, ?, 0, ?, ?, ?, ?, ?, ?, ?, 0, ?, 2021-06-04 17:49:42, 2021-06-04 17:49:42))  
[2021-06-04 17:54:45] live.ERROR: SQLSTATE[42S22]: Column not found: 1054 Unknown column 'business_id' in 'field list' (SQL: update `activity_log` set `business_id` = 104, `activity_log`.`updated_at` = 2021-06-04 17:54:45 where `id` = 45142) {"userId":188,"exception":"[object] (Illuminate\\Database\\QueryException(code: 42S22): SQLSTATE[42S22]: Column not found: 1054 Unknown column 'business_id' in 'field list' (SQL: update `activity_log` set `business_id` = 104, `activity_log`.`updated_at` = 2021-06-04 17:54:45 where `id` = 45142) at /home/erp/public_html/vendor/laravel/framework/src/Illuminate/Database/Connection.php:664, PDOException(code: 42S22): SQLSTATE[42S22]: Column not found: 1054 Unknown column 'business_id' in 'field list' at /home/erp/public_html/vendor/laravel/framework/src/Illuminate/Database/Connection.php:479)
[stacktrace]
#0 /home/erp/public_html/vendor/laravel/framework/src/Illuminate/Database/Connection.php(624): Illuminate\\Database\\Connection->runQueryCallback('update `activit...', Array, Object(Closure))
#1 /home/erp/public_html/vendor/laravel/framework/src/Illuminate/Database/Connection.php(490): Illuminate\\Database\\Connection->run('update `activit...', Array, Object(Closure))
#2 /home/erp/public_html/vendor/laravel/framework/src/Illuminate/Database/Connection.php(423): Illuminate\\Database\\Connection->affectingStatement('update `activit...', Array)
#3 /home/erp/public_html/vendor/laravel/framework/src/Illuminate/Database/Query/Builder.php(2721): Illuminate\\Database\\Connection->update('update `activit...', Array)
#4 /home/erp/public_html/vendor/laravel/framework/src/Illuminate/Database/Eloquent/Builder.php(820): Illuminate\\Database\\Query\\Builder->update(Array)
#5 /home/erp/public_html/vendor/laravel/framework/src/Illuminate/Database/Eloquent/Model.php(745): Illuminate\\Database\\Eloquent\\Builder->update(Array)
#6 /home/erp/public_html/vendor/laravel/framework/src/Illuminate/Database/Eloquent/Model.php(660): Illuminate\\Database\\Eloquent\\Model->performUpdate(Object(Illuminate\\Database\\Eloquent\\Builder))
#7 /home/erp/public_html/app/Utils/Util.php(1310): Illuminate\\Database\\Eloquent\\Model->save()
#8 /home/erp/public_html/app/Http/Controllers/Auth/LoginController.php(80): App\\Utils\\Util->activityLog(Object(App\\User), 'login', NULL, Array, false, '104')
#9 /home/erp/public_html/vendor/laravel/framework/src/Illuminate/Foundation/Auth/AuthenticatesUsers.php(109): App\\Http\\Controllers\\Auth\\LoginController->authenticated(Object(Illuminate\\Http\\Request), Object(App\\User))
#10 /home/erp/public_html/vendor/laravel/framework/src/Illuminate/Foundation/Auth/AuthenticatesUsers.php(46): App\\Http\\Controllers\\Auth\\LoginController->sendLoginResponse(Object(Illuminate\\Http\\Request))
#11 [internal function]: App\\Http\\Controllers\\Auth\\LoginController->login(Object(Illuminate\\Http\\Request))
#12 /home/erp/public_html/vendor/laravel/framework/src/Illuminate/Routing/Controller.php(54): call_user_func_array(Array, Array)
#13 /home/erp/public_html/vendor/laravel/framework/src/Illuminate/Routing/ControllerDispatcher.php(45): Illuminate\\Routing\\Controller->callAction('login', Array)
#14 /home/erp/public_html/vendor/laravel/framework/src/Illuminate/Routing/Route.php(219): Illuminate\\Routing\\ControllerDispatcher->dispatch(Object(Illuminate\\Routing\\Route), Object(App\\Http\\Controllers\\Auth\\LoginController), 'login')
#15 /home/erp/public_html/vendor/laravel/framework/src/Illuminate/Routing/Route.php(176): Illuminate\\Routing\\Route->runController()
#16 /home/erp/public_html/vendor/laravel/framework/src/Illuminate/Routing/Router.php(680): Illuminate\\Routing\\Route->run()
#17 /home/erp/public_html/vendor/laravel/framework/src/Illuminate/Routing/Pipeline.php(30): Illuminate\\Routing\\Router->Illuminate\\Routing\\{closure}(Object(Illuminate\\Http\\Request))
#18 /home/erp/public_html/app/Http/Middleware/RedirectIfAuthenticated.php(24): Illuminate\\Routing\\Pipeline->Illuminate\\Routing\\{closure}(Object(Illuminate\\Http\\Request))
#19 /home/erp/public_html/vendor/laravel/framework/src/Illuminate/Pipeline/Pipeline.php(163): App\\Http\\Middleware\\RedirectIfAuthenticated->handle(Object(Illuminate\\Http\\Request), Object(Closure))
#20 /home/erp/public_html/vendor/laravel/framework/src/Illuminate/Routing/Pipeline.php(53): Illuminate\\Pipeline\\Pipeline->Illuminate\\Pipeline\\{closure}(Object(Illuminate\\Http\\Request))
#21 /home/erp/public_html/app/Http/Middleware/IsInstalled.php(51): Illuminate\\Routing\\Pipeline->Illuminate\\Routing\\{closure}(Object(Illuminate\\Http\\Request))
#22 /home/erp/public_html/vendor/laravel/framework/src/Illuminate/Pipeline/Pipeline.php(163): App\\Http\\Middleware\\IsInstalled->handle(Object(Illuminate\\Http\\Request), Object(Closure))
#23 /home/erp/public_html/vendor/laravel/framework/src/Illuminate/Routing/Pipeline.php(53): Illuminate\\Pipeline\\Pipeline->Illuminate\\Pipeline\\{closure}(Object(Illuminate\\Http\\Request))
#24 /home/erp/public_html/vendor/laravel/framework/src/Illuminate/Routing/Middleware/SubstituteBindings.php(41): Illuminate\\Routing\\Pipeline->Illuminate\\Routing\\{closure}(Object(Illuminate\\Http\\Request))
#25 /home/erp/public_html/vendor/laravel/framework/src/Illuminate/Pipeline/Pipeline.php(163): Illuminate\\Routing\\Middleware\\SubstituteBindings->handle(Object(Illuminate\\Http\\Request), Object(Closure))
#26 /home/erp/public_html/vendor/laravel/framework/src/Illuminate/Routing/Pipeline.php(53): Illuminate\\Pipeline\\Pipeline->Illuminate\\Pipeline\\{closure}(Object(Illuminate\\Http\\Request))
#27 /home/erp/public_html/vendor/laravel/framework/src/Illuminate/Foundation/Http/Middleware/VerifyCsrfToken.php(75): Illuminate\\Routing\\Pipeline->Illuminate\\Routing\\{closure}(Object(Illuminate\\Http\\Request))
#28 /home/erp/public_html/vendor/laravel/framework/src/Illuminate/Pipeline/Pipeline.php(163): Illuminate\\Foundation\\Http\\Middleware\\VerifyCsrfToken->handle(Object(Illuminate\\Http\\Request), Object(Closure))
#29 /home/erp/public_html/vendor/laravel/framework/src/Illuminate/Routing/Pipeline.php(53): Illuminate\\Pipeline\\Pipeline->Illuminate\\Pipeline\\{closure}(Object(Illuminate\\Http\\Request))
#30 /home/erp/public_html/vendor/laravel/framework/src/Illuminate/View/Middleware/ShareErrorsFromSession.php(49): Illuminate\\Routing\\Pipeline->Illuminate\\Routing\\{closure}(Object(Illuminate\\Http\\Request))
#31 /home/erp/public_html/vendor/laravel/framework/src/Illuminate/Pipeline/Pipeline.php(163): Illuminate\\View\\Middleware\\ShareErrorsFromSession->handle(Object(Illuminate\\Http\\Request), Object(Closure))
#32 /home/erp/public_html/vendor/laravel/framework/src/Illuminate/Routing/Pipeline.php(53): Illuminate\\Pipeline\\Pipeline->Illuminate\\Pipeline\\{closure}(Object(Illuminate\\Http\\Request))
#33 /home/erp/public_html/vendor/laravel/framework/src/Illuminate/Session/Middleware/StartSession.php(56): Illuminate\\Routing\\Pipeline->Illuminate\\Routing\\{closure}(Object(Illuminate\\Http\\Request))
#34 /home/erp/public_html/vendor/laravel/framework/src/Illuminate/Pipeline/Pipeline.php(163): Illuminate\\Session\\Middleware\\StartSession->handle(Object(Illuminate\\Http\\Request), Object(Closure))
#35 /home/erp/public_html/vendor/laravel/framework/src/Illuminate/Routing/Pipeline.php(53): Illuminate\\Pipeline\\Pipeline->Illuminate\\Pipeline\\{closure}(Object(Illuminate\\Http\\Request))
#36 /home/erp/public_html/vendor/laravel/framework/src/Illuminate/Cookie/Middleware/AddQueuedCookiesToResponse.php(37): Illuminate\\Routing\\Pipeline->Illuminate\\Routing\\{closure}(Object(Illuminate\\Http\\Request))
#37 /home/erp/public_html/vendor/laravel/framework/src/Illuminate/Pipeline/Pipeline.php(163): Illuminate\\Cookie\\Middleware\\AddQueuedCookiesToResponse->handle(Object(Illuminate\\Http\\Request), Object(Closure))
#38 /home/erp/public_html/vendor/laravel/framework/src/Illuminate/Routing/Pipeline.php(53): Illuminate\\Pipeline\\Pipeline->Illuminate\\Pipeline\\{closure}(Object(Illuminate\\Http\\Request))
#39 /home/erp/public_html/vendor/laravel/framework/src/Illuminate/Cookie/Middleware/EncryptCookies.php(66): Illuminate\\Routing\\Pipeline->Illuminate\\Routing\\{closure}(Object(Illuminate\\Http\\Request))
#40 /home/erp/public_html/vendor/laravel/framework/src/Illuminate/Pipeline/Pipeline.php(163): Illuminate\\Cookie\\Middleware\\EncryptCookies->handle(Object(Illuminate\\Http\\Request), Object(Closure))
#41 /home/erp/public_html/vendor/laravel/framework/src/Illuminate/Routing/Pipeline.php(53): Illuminate\\Pipeline\\Pipeline->Illuminate\\Pipeline\\{closure}(Object(Illuminate\\Http\\Request))
#42 /home/erp/public_html/vendor/laravel/framework/src/Illuminate/Pipeline/Pipeline.php(104): Illuminate\\Routing\\Pipeline->Illuminate\\Routing\\{closure}(Object(Illuminate\\Http\\Request))
#43 /home/erp/public_html/vendor/laravel/framework/src/Illuminate/Routing/Router.php(682): Illuminate\\Pipeline\\Pipeline->then(Object(Closure))
#44 /home/erp/public_html/vendor/laravel/framework/src/Illuminate/Routing/Router.php(657): Illuminate\\Routing\\Router->runRouteWithinStack(Object(Illuminate\\Routing\\Route), Object(Illuminate\\Http\\Request))
#45 /home/erp/public_html/vendor/laravel/framework/src/Illuminate/Routing/Router.php(623): Illuminate\\Routing\\Router->runRoute(Object(Illuminate\\Http\\Request), Object(Illuminate\\Routing\\Route))
#46 /home/erp/public_html/vendor/laravel/framework/src/Illuminate/Routing/Router.php(612): Illuminate\\Routing\\Router->dispatchToRoute(Object(Illuminate\\Http\\Request))
#47 /home/erp/public_html/vendor/laravel/framework/src/Illuminate/Foundation/Http/Kernel.php(176): Illuminate\\Routing\\Router->dispatch(Object(Illuminate\\Http\\Request))
#48 /home/erp/public_html/vendor/laravel/framework/src/Illuminate/Routing/Pipeline.php(30): Illuminate\\Foundation\\Http\\Kernel->Illuminate\\Foundation\\Http\\{closure}(Object(Illuminate\\Http\\Request))
#49 /home/erp/public_html/vendor/barryvdh/laravel-debugbar/src/Middleware/InjectDebugbar.php(58): Illuminate\\Routing\\Pipeline->Illuminate\\Routing\\{closure}(Object(Illuminate\\Http\\Request))
#50 /home/erp/public_html/vendor/laravel/framework/src/Illuminate/Pipeline/Pipeline.php(163): Barryvdh\\Debugbar\\Middleware\\InjectDebugbar->handle(Object(Illuminate\\Http\\Request), Object(Closure))
#51 /home/erp/public_html/vendor/laravel/framework/src/Illuminate/Routing/Pipeline.php(53): Illuminate\\Pipeline\\Pipeline->Illuminate\\Pipeline\\{closure}(Object(Illuminate\\Http\\Request))
#52 /home/erp/public_html/vendor/fideloper/proxy/src/TrustProxies.php(57): Illuminate\\Routing\\Pipeline->Illuminate\\Routing\\{closure}(Object(Illuminate\\Http\\Request))
#53 /home/erp/public_html/vendor/laravel/framework/src/Illuminate/Pipeline/Pipeline.php(163): Fideloper\\Proxy\\TrustProxies->handle(Object(Illuminate\\Http\\Request), Object(Closure))
#54 /home/erp/public_html/vendor/laravel/framework/src/Illuminate/Routing/Pipeline.php(53): Illuminate\\Pipeline\\Pipeline->Illuminate\\Pipeline\\{closure}(Object(Illuminate\\Http\\Request))
#55 /home/erp/public_html/vendor/laravel/framework/src/Illuminate/Foundation/Http/Middleware/TransformsRequest.php(21): Illuminate\\Routing\\Pipeline->Illuminate\\Routing\\{closure}(Object(Illuminate\\Http\\Request))
#56 /home/erp/public_html/vendor/laravel/framework/src/Illuminate/Pipeline/Pipeline.php(163): Illuminate\\Foundation\\Http\\Middleware\\TransformsRequest->handle(Object(Illuminate\\Http\\Request), Object(Closure))
#57 /home/erp/public_html/vendor/laravel/framework/src/Illuminate/Routing/Pipeline.php(53): Illuminate\\Pipeline\\Pipeline->Illuminate\\Pipeline\\{closure}(Object(Illuminate\\Http\\Request))
#58 /home/erp/public_html/vendor/laravel/framework/src/Illuminate/Foundation/Http/Middleware/TransformsRequest.php(21): Illuminate\\Routing\\Pipeline->Illuminate\\Routing\\{closure}(Object(Illuminate\\Http\\Request))
#59 /home/erp/public_html/vendor/laravel/framework/src/Illuminate/Pipeline/Pipeline.php(163): Illuminate\\Foundation\\Http\\Middleware\\TransformsRequest->handle(Object(Illuminate\\Http\\Request), Object(Closure))
#60 /home/erp/public_html/vendor/laravel/framework/src/Illuminate/Routing/Pipeline.php(53): Illuminate\\Pipeline\\Pipeline->Illuminate\\Pipeline\\{closure}(Object(Illuminate\\Http\\Request))
#61 /home/erp/public_html/vendor/laravel/framework/src/Illuminate/Foundation/Http/Middleware/ValidatePostSize.php(27): Illuminate\\Routing\\Pipeline->Illuminate\\Routing\\{closure}(Object(Illuminate\\Http\\Request))
#62 /home/erp/public_html/vendor/laravel/framework/src/Illuminate/Pipeline/Pipeline.php(163): Illuminate\\Foundation\\Http\\Middleware\\ValidatePostSize->handle(Object(Illuminate\\Http\\Request), Object(Closure))
#63 /home/erp/public_html/vendor/laravel/framework/src/Illuminate/Routing/Pipeline.php(53): Illuminate\\Pipeline\\Pipeline->Illuminate\\Pipeline\\{closure}(Object(Illuminate\\Http\\Request))
#64 /home/erp/public_html/vendor/laravel/framework/src/Illuminate/Foundation/Http/Middleware/CheckForMaintenanceMode.php(62): Illuminate\\Routing\\Pipeline->Illuminate\\Routing\\{closure}(Object(Illuminate\\Http\\Request))
#65 /home/erp/public_html/vendor/laravel/framework/src/Illuminate/Pipeline/Pipeline.php(163): Illuminate\\Foundation\\Http\\Middleware\\CheckForMaintenanceMode->handle(Object(Illuminate\\Http\\Request), Object(Closure))
#66 /home/erp/public_html/vendor/laravel/framework/src/Illuminate/Routing/Pipeline.php(53): Illuminate\\Pipeline\\Pipeline->Illuminate\\Pipeline\\{closure}(Object(Illuminate\\Http\\Request))
#67 /home/erp/public_html/vendor/laravel/framework/src/Illuminate/Pipeline/Pipeline.php(104): Illuminate\\Routing\\Pipeline->Illuminate\\Routing\\{closure}(Object(Illuminate\\Http\\Request))
#68 /home/erp/public_html/vendor/laravel/framework/src/Illuminate/Foundation/Http/Kernel.php(151): Illuminate\\Pipeline\\Pipeline->then(Object(Closure))
#69 /home/erp/public_html/vendor/laravel/framework/src/Illuminate/Foundation/Http/Kernel.php(116): Illuminate\\Foundation\\Http\\Kernel->sendRequestThroughRouter(Object(Illuminate\\Http\\Request))
#70 /home/erp/public_html/public/index.php(53): Illuminate\\Foundation\\Http\\Kernel->handle(Object(Illuminate\\Http\\Request))
#71 {main}
"} 
[2021-06-04 18:27:58] live.EMERGENCY: File:/home/erp/public_html/vendor/laravel/framework/src/Illuminate/Database/Connection.phpLine:664Message:SQLSTATE[42S22]: Column not found: 1054 Unknown column 'service_custom_field_5' in 'field list' (SQL: insert into `transactions` (`business_id`, `location_id`, `type`, `status`, `sub_status`, `contact_id`, `customer_group_id`, `invoice_no`, `ref_no`, `total_before_tax`, `transaction_date`, `tax_id`, `discount_type`, `discount_amount`, `tax_amount`, `final_total`, `additional_notes`, `staff_note`, `created_by`, `document`, `custom_field_1`, `custom_field_2`, `custom_field_3`, `custom_field_4`, `is_direct_sale`, `commission_agent`, `is_quotation`, `shipping_details`, `shipping_address`, `shipping_status`, `delivered_to`, `shipping_charges`, `shipping_custom_field_1`, `shipping_custom_field_2`, `shipping_custom_field_3`, `shipping_custom_field_4`, `shipping_custom_field_5`, `exchange_rate`, `selling_price_group_id`, `pay_term_number`, `pay_term_type`, `is_suspend`, `is_recurring`, `recur_interval`, `recur_interval_type`, `subscription_repeat_on`, `subscription_no`, `recur_repetitions`, `order_addresses`, `sub_type`, `rp_earned`, `rp_redeemed`, `rp_redeemed_amount`, `is_created_from_api`, `types_of_service_id`, `packing_charge`, `packing_charge_type`, `service_custom_field_1`, `service_custom_field_2`, `service_custom_field_3`, `service_custom_field_4`, `service_custom_field_5`, `service_custom_field_6`, `round_off_amount`, `import_batch`, `import_time`, `res_table_id`, `res_waiter_id`, `sales_order_ids`, `prefer_payment_method`, `prefer_payment_account`, `is_export`, `export_custom_fields_info`, `updated_at`, `created_at`) values (104, 107, sell, final, ?, 2202, ?, 15818, , 50, 2021-06-04 18:27:57, ?, percentage, 0, 0, 50, ?, ?, 192, ?, ?, ?, ?, ?, 0, ?, 0, ?, ?, ?, ?, 0, ?, ?, ?, ?, ?, 1, ?, ?, ?, 0, 0, 1, days, ?, ?, 0, ?, ?, 0, 0, 0, 0, ?, 0, ?, ?, ?, ?, ?, ?, ?, 0, ?, ?, ?, ?, ?, ?, ?, 0, ?, 2021-06-04 18:27:57, 2021-06-04 18:27:57))  
